0 verbose cli [
0 verbose cli   '/data/data/com.termux/files/usr/bin/node',
0 verbose cli   '/data/data/com.termux/files/usr/bin/npm',
0 verbose cli   'start'
0 verbose cli ]
1 info using npm@8.5.5
2 info using node@v17.9.0
3 timing npm:load:whichnode Completed in 4ms
4 timing config:load:defaults Completed in 12ms
5 timing config:load:file:/data/data/com.termux/files/usr/lib/node_modules/npm/npmrc Completed in 8ms
6 timing config:load:builtin Completed in 8ms
7 timing config:load:cli Completed in 9ms
8 timing config:load:env Completed in 4ms
9 timing config:load:project Completed in 53ms
10 timing config:load:file:/data/data/com.termux/files/home/.npmrc Completed in 9ms
11 timing config:load:user Completed in 10ms
12 timing config:load:file:/data/data/com.termux/files/usr/etc/npmrc Completed in 0ms
13 timing config:load:global Completed in 2ms
14 timing config:load:validate Completed in 4ms
15 timing config:load:credentials Completed in 10ms
16 timing config:load:setEnvs Completed in 6ms
17 timing config:load Completed in 126ms
18 timing npm:load:configload Completed in 127ms
19 timing npm:load:setTitle Completed in 2ms
20 timing config:load:flatten Completed in 19ms
21 timing npm:load:display Completed in 32ms
22 verbose logfile /data/data/com.termux/files/home/.npm/_logs/2022-04-15T10_56_11_854Z-debug-0.log
23 timing npm:load:logFile Completed in 42ms
24 timing npm:load:timers Completed in 0ms
25 timing npm:load:configScope Completed in 0ms
26 timing npm:load Completed in 213ms
27 timing command:run-script Completed in 22ms
28 timing command:start Completed in 48ms
29 verbose stack Error: ENOENT: no such file or directory, open '/data/data/com.termux/files/home/package.json'
30 verbose cwd /data/data/com.termux/files/home
31 verbose Linux 4.19.127-g53b9c4176-dirty
32 verbose argv "/data/data/com.termux/files/usr/bin/node" "/data/data/com.termux/files/usr/bin/npm" "start"
33 verbose node v17.9.0
34 verbose npm  v8.5.5
35 error code ENOENT
36 error syscall open
37 error path /data/data/com.termux/files/home/package.json
38 error errno -2
39 error enoent ENOENT: no such file or directory, open '/data/data/com.termux/files/home/package.json'
40 error enoent This is related to npm not being able to find a file.
40 error enoent
41 verbose exit -2
42 timing npm Completed in 1845ms
43 verbose code -2
44 error A complete log of this run can be found in:
44 error     /data/data/com.termux/files/home/.npm/_logs/2022-04-15T10_56_11_854Z-debug-0.log
