0 verbose cli [
0 verbose cli   '/data/data/com.termux/files/usr/bin/node',
0 verbose cli   '/data/data/com.termux/files/usr/bin/npm',
0 verbose cli   '--version'
0 verbose cli ]
1 info using npm@8.5.5
2 info using node@v17.9.0
3 timing npm:load:whichnode Completed in 3ms
4 timing config:load:defaults Completed in 13ms
5 timing config:load:file:/data/data/com.termux/files/usr/lib/node_modules/npm/npmrc Completed in 4ms
6 timing config:load:builtin Completed in 7ms
7 timing config:load:cli Completed in 14ms
8 timing config:load:env Completed in 5ms
9 timing config:load:file:/data/data/com.termux/files/home/my-app/.npmrc Completed in 1ms
10 timing config:load:project Completed in 54ms
11 timing config:load:file:/data/data/com.termux/files/home/.npmrc Completed in 6ms
12 timing config:load:user Completed in 9ms
13 timing config:load:file:/data/data/com.termux/files/usr/etc/npmrc Completed in 1ms
14 timing config:load:global Completed in 2ms
15 timing config:load:validate Completed in 4ms
16 timing config:load:credentials Completed in 8ms
17 timing config:load:setEnvs Completed in 7ms
18 timing config:load Completed in 128ms
19 timing npm:load:configload Completed in 129ms
20 timing npm:load:setTitle Completed in 2ms
21 timing config:load:flatten Completed in 21ms
22 timing npm:load:display Completed in 28ms
23 verbose logfile /data/data/com.termux/files/home/.npm/_logs/2022-04-15T10_17_50_966Z-debug-0.log
24 timing npm:load:logFile Completed in 42ms
25 timing npm:load:timers Completed in 1ms
26 timing npm:load:configScope Completed in 0ms
27 timing npm:load Completed in 213ms
28 verbose exit 0
29 timing npm Completed in 1297ms
30 info ok
