0 verbose cli [
0 verbose cli   '/data/data/com.termux/files/usr/bin/node',
0 verbose cli   '/data/data/com.termux/files/usr/bin/npm',
0 verbose cli   'start'
0 verbose cli ]
1 info using npm@8.5.5
2 info using node@v17.9.0
3 timing npm:load:whichnode Completed in 4ms
4 timing config:load:defaults Completed in 13ms
5 timing config:load:file:/data/data/com.termux/files/usr/lib/node_modules/npm/npmrc Completed in 7ms
6 timing config:load:builtin Completed in 8ms
7 timing config:load:cli Completed in 11ms
8 timing config:load:env Completed in 4ms
9 timing config:load:file:/data/data/com.termux/files/home/my-app/.npmrc Completed in 2ms
10 timing config:load:project Completed in 53ms
11 timing config:load:file:/data/data/com.termux/files/home/.npmrc Completed in 7ms
12 timing config:load:user Completed in 9ms
13 timing config:load:file:/data/data/com.termux/files/usr/etc/npmrc Completed in 1ms
14 timing config:load:global Completed in 2ms
15 timing config:load:validate Completed in 3ms
16 timing config:load:credentials Completed in 9ms
17 timing config:load:setEnvs Completed in 8ms
18 timing config:load Completed in 127ms
19 timing npm:load:configload Completed in 128ms
20 timing npm:load:setTitle Completed in 3ms
21 timing config:load:flatten Completed in 22ms
22 timing npm:load:display Completed in 35ms
23 verbose logfile /data/data/com.termux/files/home/.npm/_logs/2022-06-12T11_19_44_770Z-debug-0.log
24 timing npm:load:logFile Completed in 38ms
25 timing npm:load:timers Completed in 0ms
26 timing npm:load:configScope Completed in 0ms
27 timing npm:load Completed in 217ms
28 silly logfile start cleaning logs, removing 2 files
29 http fetch GET 200 https://registry.npmjs.org/npm 70779ms (cache stale)
