0 verbose cli [
0 verbose cli   '/data/data/com.termux/files/usr/bin/node',
0 verbose cli   '/data/data/com.termux/files/usr/bin/npm',
0 verbose cli   'start'
0 verbose cli ]
1 info using npm@8.5.5
2 info using node@v17.9.0
3 timing npm:load:whichnode Completed in 3ms
4 timing config:load:defaults Completed in 15ms
5 timing config:load:file:/data/data/com.termux/files/usr/lib/node_modules/npm/npmrc Completed in 6ms
6 timing config:load:builtin Completed in 7ms
7 timing config:load:cli Completed in 12ms
8 timing config:load:env Completed in 4ms
9 timing config:load:file:/data/data/com.termux/files/home/my-app/.npmrc Completed in 1ms
10 timing config:load:project Completed in 58ms
11 timing config:load:file:/data/data/com.termux/files/home/.npmrc Completed in 9ms
12 timing config:load:user Completed in 13ms
13 timing config:load:file:/data/data/com.termux/files/usr/etc/npmrc Completed in 1ms
14 timing config:load:global Completed in 2ms
15 timing config:load:validate Completed in 3ms
16 timing config:load:credentials Completed in 10ms
17 timing config:load:setEnvs Completed in 7ms
18 timing config:load Completed in 140ms
19 timing npm:load:configload Completed in 142ms
20 timing npm:load:setTitle Completed in 2ms
21 timing config:load:flatten Completed in 25ms
22 timing npm:load:display Completed in 37ms
23 verbose logfile /data/data/com.termux/files/home/.npm/_logs/2022-06-12T11_22_11_842Z-debug-0.log
24 timing npm:load:logFile Completed in 36ms
25 timing npm:load:timers Completed in 1ms
26 timing npm:load:configScope Completed in 0ms
27 timing npm:load Completed in 229ms
28 silly logfile start cleaning logs, removing 1 files
